task_id,0,arriving_time,38601.89923547813
task_id,1,arriving_time,62272.38992758363
task_id,2,arriving_time,110111.15843965687
task_id,3,arriving_time,117943.20809242957
task_id,4,arriving_time,161290.01593977018
task_id,5,arriving_time,170508.57744126997
task_id,6,arriving_time,193777.46974609303
task_id,7,arriving_time,262149.1426908863
task_id,8,arriving_time,288367.7471388552
task_id,9,arriving_time,317975.7657534449
task_id,10,arriving_time,399786.3322842575
task_id,11,arriving_time,432083.0518961801
task_id,12,arriving_time,450104.62136346166
task_id,13,arriving_time,520783.71824632067
task_id,14,arriving_time,534840.8446555694
task_id,15,arriving_time,548785.933005213
task_id,16,arriving_time,553064.2109687667
task_id,17,arriving_time,614696.0672213552
task_id,18,arriving_time,631824.480628778
task_id,19,arriving_time,653370.4118717804
task_id,20,arriving_time,686784.8920335097
task_id,21,arriving_time,693339.9384330169
task_id,22,arriving_time,695538.6827215691
task_id,23,arriving_time,695717.6833829918
task_id,24,arriving_time,700163.4844565339
task_id,25,arriving_time,706417.5199957157
task_id,26,arriving_time,719649.6159548643
task_id,27,arriving_time,753183.223020172
task_id,28,arriving_time,779331.8330119392
task_id,29,arriving_time,780974.2091353756
task_id,30,arriving_time,815488.8480258215
task_id,31,arriving_time,829108.4477581244
task_id,32,arriving_time,837421.228899888
task_id,33,arriving_time,839168.9051337632
task_id,34,arriving_time,850355.13770559
task_id,35,arriving_time,864893.964390706
task_id,36,arriving_time,1002250.7570847775
task_id,37,arriving_time,1002506.426539142
task_id,38,arriving_time,1029256.1758526767
task_id,39,arriving_time,1057042.9678386173
task_id,40,arriving_time,1057227.316491431
task_id,41,arriving_time,1064753.231525031
task_id,42,arriving_time,1069236.0521890612
task_id,43,arriving_time,1075038.1345943962
task_id,44,arriving_time,1171560.5169524376
task_id,45,arriving_time,1182346.1413930077
task_id,46,arriving_time,1230286.6885628805
task_id,47,arriving_time,1268515.2690847798
task_id,48,arriving_time,1274314.9494949298
task_id,49,arriving_time,1324268.825443363
task_id,50,arriving_time,1352820.4686840402
task_id,51,arriving_time,1439420.6258705403
task_id,52,arriving_time,1464561.0031594846
task_id,53,arriving_time,1505817.494108171
task_id,54,arriving_time,1514612.3064462577
task_id,55,arriving_time,1543804.2717353594
task_id,56,arriving_time,1581715.5566210954
task_id,57,arriving_time,1588100.1019563118
task_id,58,arriving_time,1595799.070928947
task_id,59,arriving_time,1599741.202062471
task_id,60,arriving_time,1649991.6616991546
task_id,61,arriving_time,1656864.0995360548
task_id,62,arriving_time,1685105.5686649976
task_id,63,arriving_time,1694467.6804637832
task_id,64,arriving_time,1759851.2291779583
task_id,65,arriving_time,1771424.0558075467
task_id,66,arriving_time,1800362.8232281273
task_id,67,arriving_time,1813800.6226916322
task_id,68,arriving_time,1835010.6320852768
task_id,69,arriving_time,1902930.3244291237
task_id,70,arriving_time,1959022.175659989
task_id,71,arriving_time,1961872.8041009496
task_id,72,arriving_time,1968448.880662908
task_id,73,arriving_time,1970922.7307127218
task_id,74,arriving_time,1994270.4319793337
task_id,75,arriving_time,2041174.2952755787
task_id,76,arriving_time,2112208.6229810235
task_id,77,arriving_time,2170665.956825029
task_id,78,arriving_time,2178256.7868558364
task_id,79,arriving_time,2201983.455984763
task_id,80,arriving_time,2239699.7790349955
task_id,81,arriving_time,2250958.944720858
task_id,82,arriving_time,2258660.279693937
task_id,83,arriving_time,2354158.7893783273
task_id,84,arriving_time,2530273.759741784
task_id,85,arriving_time,2544545.3330036006
task_id,86,arriving_time,2570115.709415111
task_id,87,arriving_time,2580055.821977678
task_id,88,arriving_time,2646844.2380428473
task_id,89,arriving_time,2744613.1528787133
task_id,90,arriving_time,2766328.3498050226
task_id,91,arriving_time,2768737.4331760765
task_id,92,arriving_time,2792032.9549632063
task_id,93,arriving_time,2838508.4984484115
task_id,94,arriving_time,2894012.600874001
task_id,95,arriving_time,2955493.235927566
task_id,96,arriving_time,2960803.0235842178
task_id,97,arriving_time,2969408.496471344
task_id,98,arriving_time,3015078.7331199367
task_id,99,arriving_time,3017736.848864669
task_id,100,arriving_time,3058770.56621973
task_id,101,arriving_time,3064448.7112942724
task_id,102,arriving_time,3135109.54122925
task_id,103,arriving_time,3290876.0196316065
task_id,104,arriving_time,3314706.3082731785
task_id,105,arriving_time,3335184.6220023083
task_id,106,arriving_time,3342220.2207196397
task_id,107,arriving_time,3413353.657148931
task_id,108,arriving_time,3438123.046888487
task_id,109,arriving_time,3442510.1594591024
task_id,110,arriving_time,3446893.5622123536
task_id,111,arriving_time,3456147.6403095424
task_id,112,arriving_time,3461888.5261385418
task_id,113,arriving_time,3486152.701684476
task_id,114,arriving_time,3525871.0247745463
task_id,115,arriving_time,3589140.709247311
task_id,116,arriving_time,3634304.7187704514
task_id,117,arriving_time,3685148.14241707
task_id,118,arriving_time,3687273.3756927694
task_id,119,arriving_time,3790777.4058048055
task_id,120,arriving_time,3792815.7509925487
task_id,121,arriving_time,3800622.013215298
task_id,122,arriving_time,3809320.4323843997
task_id,123,arriving_time,3869922.102585841
task_id,124,arriving_time,3903581.5210334132
task_id,125,arriving_time,3904596.378223344
task_id,126,arriving_time,3905970.063997311
task_id,127,arriving_time,3911730.8836712767
task_id,128,arriving_time,3919786.8362555387
task_id,129,arriving_time,4016332.5159612396
task_id,130,arriving_time,4059299.498489685
task_id,131,arriving_time,4067326.8926037173
task_id,132,arriving_time,4071695.766829402
task_id,133,arriving_time,4124410.6815242902
task_id,134,arriving_time,4129493.15077072
task_id,135,arriving_time,4212959.245666791
task_id,136,arriving_time,4221944.542889567
task_id,137,arriving_time,4234123.756756515
task_id,138,arriving_time,4301747.442564932
task_id,139,arriving_time,4335283.401333892
task_id,140,arriving_time,4340084.263492697
task_id,141,arriving_time,4359703.0804736605
task_id,142,arriving_time,4399814.198526535
task_id,143,arriving_time,4421742.602045191
task_id,144,arriving_time,4438096.296253636
task_id,145,arriving_time,4445395.362714142
task_id,146,arriving_time,4489587.355247501
task_id,147,arriving_time,4526007.8591381665
task_id,148,arriving_time,4656195.929444367
task_id,149,arriving_time,4684921.507880488
task_id,150,arriving_time,4690615.833720865
task_id,151,arriving_time,4716019.363372913
task_id,152,arriving_time,4741305.886961366
task_id,153,arriving_time,4745815.673201707
task_id,154,arriving_time,4759776.06068116
task_id,155,arriving_time,4816026.081988854
task_id,156,arriving_time,4826967.363877522
task_id,157,arriving_time,4888192.949727123
task_id,158,arriving_time,4902542.763057173
task_id,159,arriving_time,4947140.230166763
task_id,160,arriving_time,4950895.992154652
task_id,161,arriving_time,4981012.004820094
task_id,162,arriving_time,4993024.758421315
task_id,163,arriving_time,5005150.100806815
task_id,164,arriving_time,5064276.228001307
task_id,165,arriving_time,5104397.820643723
task_id,166,arriving_time,5112000.518492841
task_id,167,arriving_time,5115226.087120816
task_id,168,arriving_time,5128672.943596004
task_id,169,arriving_time,5161441.747054572
task_id,170,arriving_time,5219216.650625588
task_id,171,arriving_time,5238841.420124664
task_id,172,arriving_time,5333975.638927852
task_id,173,arriving_time,5338437.484358425
task_id,174,arriving_time,5352925.771488851
task_id,175,arriving_time,5381506.757749821
task_id,176,arriving_time,5399258.236082914
task_id,177,arriving_time,5518871.721938294
task_id,178,arriving_time,5527902.509589383
task_id,179,arriving_time,5584393.919426474
task_id,180,arriving_time,5595253.3517238265
task_id,181,arriving_time,5606673.488021967
task_id,182,arriving_time,5652808.279080629
task_id,183,arriving_time,5667688.511621057
task_id,184,arriving_time,5686021.171022605
task_id,185,arriving_time,5729677.433300524
task_id,186,arriving_time,5732904.266155982
task_id,187,arriving_time,5752289.502451259
task_id,188,arriving_time,5780640.653369487
task_id,189,arriving_time,5818781.426817194
task_id,190,arriving_time,5824944.539979361
task_id,191,arriving_time,5889246.229789939
task_id,192,arriving_time,5895690.631232454
task_id,193,arriving_time,5900405.972766961
task_id,194,arriving_time,5926976.09316466
task_id,195,arriving_time,5990655.337253231
task_id,196,arriving_time,5991090.6184001155
task_id,197,arriving_time,6006915.736373907
task_id,198,arriving_time,6021036.629424659
task_id,199,arriving_time,6095933.707393664
task_id,200,arriving_time,6115046.911796186
task_id,201,arriving_time,6122723.778928888
task_id,202,arriving_time,6157501.776093221
task_id,203,arriving_time,6207199.855650249
task_id,204,arriving_time,6282755.397086952
task_id,205,arriving_time,6367988.387803417
task_id,206,arriving_time,6405778.893436086
task_id,207,arriving_time,6406411.843985242
task_id,208,arriving_time,6462536.056613233
task_id,209,arriving_time,6508979.40231047
task_id,210,arriving_time,6515863.390502051
task_id,211,arriving_time,6536911.035061275
task_id,212,arriving_time,6603162.173366754
task_id,213,arriving_time,6618336.459079959
task_id,214,arriving_time,6618907.72692638
task_id,215,arriving_time,6654537.353865178
task_id,216,arriving_time,6676639.112559888
task_id,217,arriving_time,6683416.3903158
task_id,218,arriving_time,6807069.365026332
task_id,219,arriving_time,6808135.916806156
task_id,220,arriving_time,6825373.727241344
task_id,221,arriving_time,6871156.093925502
task_id,222,arriving_time,6934729.4069979265
task_id,223,arriving_time,7019856.207592912
task_id,224,arriving_time,7095679.483670898
task_id,225,arriving_time,7160518.745801303
task_id,226,arriving_time,7241991.896520021
task_id,227,arriving_time,7290576.11096204
task_id,228,arriving_time,7326163.636866745
task_id,229,arriving_time,7370474.27734961
task_id,230,arriving_time,7389721.53695254
task_id,231,arriving_time,7407192.522876812
task_id,232,arriving_time,7439187.241764476
task_id,233,arriving_time,7439734.302614784
task_id,234,arriving_time,7455084.189256203
task_id,235,arriving_time,7486552.037048874
task_id,236,arriving_time,7500153.177493388
task_id,237,arriving_time,7541829.075392361
task_id,238,arriving_time,7543890.064553597
task_id,239,arriving_time,7553401.565498128
task_id,240,arriving_time,7611899.481295232
task_id,241,arriving_time,7616072.529244776
task_id,242,arriving_time,7661604.842331758
task_id,243,arriving_time,7675509.367765276
task_id,244,arriving_time,7708917.257475391
task_id,245,arriving_time,7716582.775312276
task_id,246,arriving_time,7720074.290552259
task_id,247,arriving_time,7744237.365425677
task_id,248,arriving_time,7748302.052310455
task_id,249,arriving_time,7752150.330170679
task_id,250,arriving_time,7783126.143922399
task_id,251,arriving_time,7801732.54430973
task_id,252,arriving_time,7920276.236527643
task_id,253,arriving_time,7923709.598945575
task_id,254,arriving_time,7928066.044027193
task_id,255,arriving_time,7928439.898545962
task_id,256,arriving_time,7946438.4315044535
task_id,257,arriving_time,7950911.1555727655
task_id,258,arriving_time,7961009.818166433
task_id,259,arriving_time,7983169.4245806765
task_id,260,arriving_time,7986119.299516138
task_id,261,arriving_time,8012679.664554164
task_id,262,arriving_time,8028658.218392196
task_id,263,arriving_time,8061544.813105751
task_id,264,arriving_time,8085641.545576753
task_id,265,arriving_time,8094624.655017021
task_id,266,arriving_time,8163197.724737514
task_id,267,arriving_time,8165041.050542528
task_id,268,arriving_time,8167530.160946132
task_id,269,arriving_time,8173408.660507761
task_id,270,arriving_time,8184373.711937496
task_id,271,arriving_time,8188812.150721129
task_id,272,arriving_time,8196134.130554871
task_id,273,arriving_time,8201313.140151252
task_id,274,arriving_time,8279656.216531494
task_id,275,arriving_time,8319118.660946465
task_id,276,arriving_time,8333140.130373385
task_id,277,arriving_time,8467407.735842679
task_id,278,arriving_time,8589389.797443436
task_id,279,arriving_time,8617949.7892276
task_id,280,arriving_time,8668432.243939469
task_id,281,arriving_time,8672885.443790019
task_id,282,arriving_time,8688511.026264407
task_id,283,arriving_time,8746002.474643953
task_id,284,arriving_time,8746056.819449663
task_id,285,arriving_time,8748226.242468394
task_id,286,arriving_time,8764153.068352958
task_id,287,arriving_time,8776426.861265393
task_id,288,arriving_time,8780974.53367868
task_id,289,arriving_time,8817359.291875679
task_id,290,arriving_time,8821000.361599682
task_id,291,arriving_time,8894494.972981649
task_id,292,arriving_time,8896188.821947865
task_id,293,arriving_time,8931239.961507661
task_id,294,arriving_time,9008828.40800468
task_id,295,arriving_time,9020131.628040427
task_id,296,arriving_time,9035258.309300032
task_id,297,arriving_time,9036075.742577018
task_id,298,arriving_time,9040549.250251647
task_id,299,arriving_time,9091688.041922797
task_id,300,arriving_time,9094632.942814954
task_id,301,arriving_time,9106500.69154909
task_id,302,arriving_time,9109844.794109013
task_id,303,arriving_time,9149429.045769755
task_id,304,arriving_time,9162178.636914646
task_id,305,arriving_time,9186772.943788534
task_id,306,arriving_time,9212658.179875934
task_id,307,arriving_time,9219317.99007739
task_id,308,arriving_time,9222625.022249464
task_id,309,arriving_time,9267914.79350146
task_id,310,arriving_time,9271754.192780389
task_id,311,arriving_time,9303023.025292061
task_id,312,arriving_time,9368450.925024081
task_id,313,arriving_time,9397204.311660614
task_id,314,arriving_time,9421078.191452276
task_id,315,arriving_time,9429172.716775304
task_id,316,arriving_time,9472602.732128285
task_id,317,arriving_time,9499231.880748466
task_id,318,arriving_time,9512822.477896411
task_id,319,arriving_time,9527386.421664663
task_id,320,arriving_time,9578356.738345308
task_id,321,arriving_time,9579126.311068838
task_id,322,arriving_time,9607457.028497744
task_id,323,arriving_time,9616648.87403397
task_id,324,arriving_time,9660061.228351925
task_id,325,arriving_time,9699351.374865493
task_id,326,arriving_time,9717892.37708837
task_id,327,arriving_time,9736399.902233731
task_id,328,arriving_time,9737162.241584774
task_id,329,arriving_time,9740901.305402715
task_id,330,arriving_time,9742130.234452602
task_id,331,arriving_time,9828264.040992944
task_id,332,arriving_time,9852819.717985168
task_id,333,arriving_time,9889439.559367144
task_id,334,arriving_time,9918603.17455746
task_id,335,arriving_time,9946578.445211945
task_id,336,arriving_time,9973940.451977765
task_id,337,arriving_time,10000499.563347733
task_id,338,arriving_time,10012422.790438943
task_id,339,arriving_time,10024929.494470164
task_id,340,arriving_time,10034808.723777967
task_id,341,arriving_time,10066861.791056983
task_id,342,arriving_time,10067949.445214046
task_id,343,arriving_time,10072301.680467615
task_id,344,arriving_time,10105793.359570356
task_id,345,arriving_time,10114996.53321849
task_id,346,arriving_time,10150870.103913045
task_id,347,arriving_time,10190151.314138643
task_id,348,arriving_time,10218417.594702931
task_id,349,arriving_time,10219891.738333207
task_id,350,arriving_time,10232186.161194157
task_id,351,arriving_time,10241658.507446347
task_id,352,arriving_time,10306306.462485025
task_id,353,arriving_time,10370050.446020601
task_id,354,arriving_time,10393433.881939463
task_id,355,arriving_time,10403239.350392058
task_id,356,arriving_time,10452768.053147621
task_id,357,arriving_time,10484958.07340127
task_id,358,arriving_time,10497226.65949213
task_id,359,arriving_time,10528322.346387595
task_id,360,arriving_time,10547915.966031235
task_id,361,arriving_time,10580701.069033971
task_id,362,arriving_time,10600623.70787534
task_id,363,arriving_time,10609314.417881843
task_id,364,arriving_time,10644917.682055982
task_id,365,arriving_time,10733790.981977936
task_id,366,arriving_time,10773349.071873758
task_id,367,arriving_time,10782335.565326987
task_id,368,arriving_time,10785917.188445792
task_id,369,arriving_time,10795900.381548269
task_id,370,arriving_time,10813298.235515395
task_id,371,arriving_time,10824569.730181467
task_id,372,arriving_time,10858154.85877933
task_id,373,arriving_time,10858779.16458942
task_id,374,arriving_time,10861398.084037751
task_id,375,arriving_time,10918221.055690166
task_id,376,arriving_time,10957680.815951161
task_id,377,arriving_time,11004206.022159342
task_id,378,arriving_time,11014432.56415999
task_id,379,arriving_time,11026086.929574585
task_id,380,arriving_time,11192996.36112774
task_id,381,arriving_time,11196600.836701231
task_id,382,arriving_time,11220459.619871175
task_id,383,arriving_time,11244947.501071548
task_id,384,arriving_time,11253295.75679916
task_id,385,arriving_time,11258685.420438252
task_id,386,arriving_time,11268625.85079693
task_id,387,arriving_time,11272991.360666735
task_id,388,arriving_time,11300228.70883053
task_id,389,arriving_time,11322021.468015296
task_id,390,arriving_time,11348391.038947904
task_id,391,arriving_time,11372471.170916038
task_id,392,arriving_time,11435254.50252292
task_id,393,arriving_time,11439150.999225648
task_id,394,arriving_time,11491125.03341459
task_id,395,arriving_time,11500192.065817636
task_id,396,arriving_time,11567362.059183512
task_id,397,arriving_time,11581069.119828463
task_id,398,arriving_time,11598694.28837838
task_id,399,arriving_time,11602663.963999862
task_id,400,arriving_time,11633366.220536862
task_id,401,arriving_time,11669938.570268774
task_id,402,arriving_time,11679102.891945666
task_id,403,arriving_time,11699509.066896493
task_id,404,arriving_time,11739951.123224469
task_id,405,arriving_time,11754023.697516365
task_id,406,arriving_time,11754454.535537137
task_id,407,arriving_time,11765188.509075705
task_id,408,arriving_time,11775875.04688985
task_id,409,arriving_time,11786938.503651448
task_id,410,arriving_time,11797198.718248446
task_id,411,arriving_time,11800575.271748895
task_id,412,arriving_time,11822727.907951424
task_id,413,arriving_time,11954619.999110153
task_id,414,arriving_time,11978089.415216874
task_id,415,arriving_time,11998094.371515442
task_id,416,arriving_time,12002056.865371862
task_id,417,arriving_time,12087592.72463566
task_id,418,arriving_time,12097255.402726894
task_id,419,arriving_time,12116197.268349938
task_id,420,arriving_time,12138183.468930595
task_id,421,arriving_time,12147913.326313887
task_id,422,arriving_time,12181686.544996051
task_id,423,arriving_time,12209179.599595962
task_id,424,arriving_time,12217670.193169048
task_id,425,arriving_time,12229958.808213519
task_id,426,arriving_time,12252078.342039729
task_id,427,arriving_time,12310582.699873814
task_id,428,arriving_time,12377719.36723039
task_id,429,arriving_time,12383733.304005193
task_id,430,arriving_time,12394915.336226856
task_id,431,arriving_time,12421530.603113875
task_id,432,arriving_time,12447933.284594115
task_id,433,arriving_time,12501518.1343358
task_id,434,arriving_time,12502856.935352927
task_id,435,arriving_time,12503176.898466185
task_id,436,arriving_time,12506848.04783005
task_id,437,arriving_time,12552280.038994301
task_id,438,arriving_time,12619422.281996466
task_id,439,arriving_time,12652533.95215821
task_id,440,arriving_time,12703622.88212317
task_id,441,arriving_time,12709338.079429874
task_id,442,arriving_time,12732670.947942603
task_id,443,arriving_time,12822852.971247356
task_id,444,arriving_time,12831728.966232829
task_id,445,arriving_time,12862056.302782089
task_id,446,arriving_time,12874530.69189004
task_id,447,arriving_time,12906207.835769417
task_id,448,arriving_time,12935384.318703378
task_id,449,arriving_time,12989760.68153109
task_id,450,arriving_time,13036350.342995971
task_id,451,arriving_time,13058294.701676384
task_id,452,arriving_time,13064806.300577989
task_id,453,arriving_time,13080686.908847399
task_id,454,arriving_time,13158856.314522482
task_id,455,arriving_time,13210160.701833503
task_id,456,arriving_time,13307943.38369541
task_id,457,arriving_time,13320832.43122348
task_id,458,arriving_time,13323349.824349152
task_id,459,arriving_time,13396023.170239447
task_id,460,arriving_time,13412787.692890719
task_id,461,arriving_time,13417349.223552976
task_id,462,arriving_time,13418443.828745214
task_id,463,arriving_time,13456630.361502822
task_id,464,arriving_time,13479866.330481187
task_id,465,arriving_time,13516369.829207636
task_id,466,arriving_time,13557243.179157501
task_id,467,arriving_time,13568498.54694032
task_id,468,arriving_time,13582599.423434287
task_id,469,arriving_time,13591432.909100246
task_id,470,arriving_time,13626974.189993165
task_id,471,arriving_time,13649557.276161518
task_id,472,arriving_time,13746349.014392147
task_id,473,arriving_time,13814421.37854045
task_id,474,arriving_time,13844837.30189797
task_id,475,arriving_time,14022181.858756885
task_id,476,arriving_time,14039834.653851245
task_id,477,arriving_time,14044192.447193002
task_id,478,arriving_time,14052380.099911315
task_id,479,arriving_time,14068790.891121428
task_id,480,arriving_time,14078473.043797921
task_id,481,arriving_time,14123446.608535927
task_id,482,arriving_time,14146748.125083586
task_id,483,arriving_time,14179416.987864638
task_id,484,arriving_time,14188351.494197784
task_id,485,arriving_time,14263767.915308913
task_id,486,arriving_time,14287111.608983552
task_id,487,arriving_time,14295834.899076166
task_id,488,arriving_time,14357738.747581502
task_id,489,arriving_time,14369806.301772483
task_id,490,arriving_time,14378189.300232366
task_id,491,arriving_time,14379684.00550301
task_id,492,arriving_time,14394874.776119253
task_id,493,arriving_time,14411290.76571837
task_id,494,arriving_time,14428956.247499034
task_id,495,arriving_time,14437648.81048999
task_id,496,arriving_time,14455711.943066753
task_id,497,arriving_time,14473526.81820687
task_id,498,arriving_time,14492726.517683845
task_id,499,arriving_time,14501567.583532743
task_id,500,arriving_time,14515295.780817302
task_id,501,arriving_time,14521613.604086077
task_id,502,arriving_time,14524463.924462747
task_id,503,arriving_time,14528689.502044406
task_id,504,arriving_time,14579518.76170802
task_id,505,arriving_time,14588252.509719368
task_id,506,arriving_time,14595254.711168474
task_id,507,arriving_time,14630268.764036523
task_id,508,arriving_time,14733617.57011198
task_id,509,arriving_time,14750219.847662067
task_id,510,arriving_time,14781563.623042831
task_id,511,arriving_time,14797885.322802776
task_id,512,arriving_time,14813262.89489679
task_id,513,arriving_time,14824212.920762485
task_id,514,arriving_time,14835469.932475545
task_id,515,arriving_time,14847549.474659866
task_id,516,arriving_time,14855364.830783634
task_id,517,arriving_time,14972069.39468161
task_id,518,arriving_time,14996712.132362647
task_id,519,arriving_time,15047745.654613711
task_id,520,arriving_time,15096254.833269684
task_id,521,arriving_time,15110647.461104525
task_id,522,arriving_time,15113358.992253574
task_id,523,arriving_time,15137428.288323639
task_id,524,arriving_time,15296361.254541753
task_id,525,arriving_time,15300510.315946098
task_id,526,arriving_time,15472453.092275131
task_id,527,arriving_time,15503386.693775758
task_id,528,arriving_time,15529078.332945753
task_id,529,arriving_time,15574755.559651736
task_id,530,arriving_time,15604629.370791718
task_id,531,arriving_time,15619195.247908523
task_id,532,arriving_time,15674616.026504582
task_id,533,arriving_time,15676056.675224165
task_id,534,arriving_time,15757503.662918707
task_id,535,arriving_time,15781859.887362719
task_id,536,arriving_time,15798667.93519585
task_id,537,arriving_time,15837213.543143243
task_id,538,arriving_time,15848043.761719134
task_id,539,arriving_time,15849674.913195811
task_id,540,arriving_time,15858371.88713675
task_id,541,arriving_time,15862247.503218036
task_id,542,arriving_time,15929339.745510535
task_id,543,arriving_time,15939954.37781177
task_id,544,arriving_time,15950168.048430745
task_id,545,arriving_time,15959875.528998015
task_id,546,arriving_time,15972624.445472063
task_id,547,arriving_time,16011375.175997477
task_id,548,arriving_time,16069649.166692324
task_id,549,arriving_time,16073268.370665519
task_id,550,arriving_time,16087406.168386845
task_id,551,arriving_time,16167877.49118756
task_id,552,arriving_time,16171140.270622723
task_id,553,arriving_time,16216463.705087198
task_id,554,arriving_time,16222482.082338857
task_id,555,arriving_time,16255602.687182462
task_id,556,arriving_time,16260283.37254823
task_id,557,arriving_time,16300122.419843225
task_id,558,arriving_time,16309605.176662156
task_id,559,arriving_time,16419885.747908838
task_id,560,arriving_time,16426849.736324415
task_id,561,arriving_time,16434784.45131769
task_id,562,arriving_time,16497924.660896929
task_id,563,arriving_time,16519094.035477176
task_id,564,arriving_time,16551658.65435139
task_id,565,arriving_time,16556157.549206631
task_id,566,arriving_time,16559794.099320227
task_id,567,arriving_time,16653486.439376133
task_id,568,arriving_time,16675853.095388401
task_id,569,arriving_time,16725576.59719394
task_id,570,arriving_time,16757197.335825942
task_id,571,arriving_time,16769488.945369592
task_id,572,arriving_time,16843896.96617955
task_id,573,arriving_time,16864697.26979656
task_id,574,arriving_time,16892049.436614558
task_id,575,arriving_time,16930067.713114236
task_id,576,arriving_time,16980936.00427402
task_id,577,arriving_time,17006821.093988504
task_id,578,arriving_time,17026760.504006293
task_id,579,arriving_time,17040973.587593265
task_id,580,arriving_time,17060509.365726307
task_id,581,arriving_time,17063464.264637295
task_id,582,arriving_time,17077153.693985455
task_id,583,arriving_time,17077313.82428995
task_id,584,arriving_time,17122956.87801583
task_id,585,arriving_time,17195181.61288818
task_id,586,arriving_time,17216247.93541822
task_id,587,arriving_time,17236100.192256447
task_id,588,arriving_time,17272775.01692606
task_id,589,arriving_time,17272784.19300418
task_id,590,arriving_time,17283516.813382264
task_id,591,arriving_time,17285984.24771844
task_id,592,arriving_time,17291429.870736416
task_id,593,arriving_time,17300899.20431993
task_id,594,arriving_time,17312926.756282214
task_id,595,arriving_time,17341564.14655858
task_id,596,arriving_time,17343087.33013501
task_id,597,arriving_time,17349863.338038895
task_id,598,arriving_time,17355242.237764083
task_id,599,arriving_time,17356633.10502869
task_id,600,arriving_time,17412598.545844804
task_id,601,arriving_time,17458713.57513789
task_id,602,arriving_time,17523884.10581241
task_id,603,arriving_time,17530204.00949376
task_id,604,arriving_time,17538652.97497993
task_id,605,arriving_time,17549516.79076446
task_id,606,arriving_time,17579299.113757044
task_id,607,arriving_time,17596106.92159458
task_id,608,arriving_time,17647922.60097322
task_id,609,arriving_time,17686196.377765246
task_id,610,arriving_time,17698518.643683415
task_id,611,arriving_time,17699508.67070188
task_id,612,arriving_time,17742536.33642503
task_id,613,arriving_time,17822549.37786535
task_id,614,arriving_time,17885950.032010786
task_id,615,arriving_time,17909120.025369894
task_id,616,arriving_time,17925996.885639336
task_id,617,arriving_time,17933319.54019964
task_id,618,arriving_time,17946547.989993315
task_id,619,arriving_time,17956825.84294777
task_id,620,arriving_time,17973812.422751695
task_id,621,arriving_time,17985572.315106094
task_id,622,arriving_time,18057311.2382842
task_id,623,arriving_time,18057891.556983415
task_id,624,arriving_time,18067821.200267866
task_id,625,arriving_time,18083871.964340653
task_id,626,arriving_time,18096696.20948049
task_id,627,arriving_time,18098614.96399752
task_id,628,arriving_time,18114663.408356484
task_id,629,arriving_time,18180883.05910621
task_id,630,arriving_time,18212918.10341937
task_id,631,arriving_time,18223383.281286642
task_id,632,arriving_time,18296387.75986456
task_id,633,arriving_time,18309524.40413156
task_id,634,arriving_time,18321774.601303093
task_id,635,arriving_time,18323855.018535916
task_id,636,arriving_time,18339733.673328295
task_id,637,arriving_time,18361250.55676092
task_id,638,arriving_time,18363937.44655911
task_id,639,arriving_time,18389044.34679944
task_id,640,arriving_time,18414433.731143873
task_id,641,arriving_time,18420648.39848484
task_id,642,arriving_time,18441576.93647272
task_id,643,arriving_time,18471076.275314853
task_id,644,arriving_time,18474348.871210635
task_id,645,arriving_time,18514875.390305888
task_id,646,arriving_time,18537298.311679043
task_id,647,arriving_time,18594714.228381086
task_id,648,arriving_time,18630799.82243616
task_id,649,arriving_time,18742817.417641405
task_id,650,arriving_time,18773562.466367442
task_id,651,arriving_time,18784643.819705572
task_id,652,arriving_time,18789557.77799684
task_id,653,arriving_time,18791633.964941237
task_id,654,arriving_time,18816934.187839568
task_id,655,arriving_time,18835792.44209986
task_id,656,arriving_time,18898601.409307107
task_id,657,arriving_time,18990536.174187295
task_id,658,arriving_time,18992536.684345335
task_id,659,arriving_time,19026255.47772903
task_id,660,arriving_time,19076752.794369496
task_id,661,arriving_time,19141174.40421099
task_id,662,arriving_time,19186708.703108914
task_id,663,arriving_time,19188733.96910438
task_id,664,arriving_time,19200149.91123785
task_id,665,arriving_time,19205648.529597063
task_id,666,arriving_time,19270346.76690143
task_id,667,arriving_time,19302926.434349805
task_id,668,arriving_time,19337904.12145742
task_id,669,arriving_time,19346992.64506072
task_id,670,arriving_time,19382415.463527665
task_id,671,arriving_time,19396141.564931292
task_id,672,arriving_time,19436694.701458514
task_id,673,arriving_time,19446170.69994252
task_id,674,arriving_time,19458767.359704543
task_id,675,arriving_time,19468693.447651695
task_id,676,arriving_time,19493981.35832728
task_id,677,arriving_time,19495867.379586224
task_id,678,arriving_time,19514416.921353895
task_id,679,arriving_time,19526071.359414767
task_id,680,arriving_time,19569442.57189905
task_id,681,arriving_time,19612602.73920534
task_id,682,arriving_time,19687719.088143744
task_id,683,arriving_time,19698590.11838159
task_id,684,arriving_time,19706662.884828724
task_id,685,arriving_time,19707389.516432445
task_id,686,arriving_time,19722330.911903556
task_id,687,arriving_time,19732138.375020795
task_id,688,arriving_time,19744644.509719133
task_id,689,arriving_time,19759854.16288548
task_id,690,arriving_time,19798967.09179438
task_id,691,arriving_time,19841837.844354495
task_id,692,arriving_time,19852085.740050554
task_id,693,arriving_time,19858744.885255605
task_id,694,arriving_time,19921016.814630035
task_id,695,arriving_time,19942726.740636904
task_id,696,arriving_time,19971037.059261844
task_id,697,arriving_time,20097172.208468243
task_id,698,arriving_time,20099781.159818675
task_id,699,arriving_time,20121328.153328545
task_id,700,arriving_time,20191105.1869415
task_id,701,arriving_time,20202124.380883377
task_id,702,arriving_time,20212841.506067656
task_id,703,arriving_time,20217788.8166977
task_id,704,arriving_time,20251489.74353542
task_id,705,arriving_time,20335972.000218764
task_id,706,arriving_time,20396913.13220131
task_id,707,arriving_time,20448337.16228324
task_id,708,arriving_time,20449339.986596044
task_id,709,arriving_time,20519616.475892942
task_id,710,arriving_time,20638682.181932114
task_id,711,arriving_time,20655515.300593935
task_id,712,arriving_time,20751426.46939534
task_id,713,arriving_time,20776719.859557588
task_id,714,arriving_time,20787320.540687084
task_id,715,arriving_time,20789368.142694604
task_id,716,arriving_time,20794279.351070788
task_id,717,arriving_time,20817180.725579895
task_id,718,arriving_time,20879225.835294195
task_id,719,arriving_time,20887633.68199702
task_id,720,arriving_time,20913736.120929357
task_id,721,arriving_time,20927763.01251718
task_id,722,arriving_time,20943614.89000686
task_id,723,arriving_time,21001908.152865235
task_id,724,arriving_time,21019975.914522275
task_id,725,arriving_time,21028245.889021993
task_id,726,arriving_time,21049531.537909843
task_id,727,arriving_time,21067260.272712573
task_id,728,arriving_time,21128365.712514672
task_id,729,arriving_time,21132377.10446793
task_id,730,arriving_time,21199337.10697496
task_id,731,arriving_time,21214512.97721472
task_id,732,arriving_time,21229489.649871964
task_id,733,arriving_time,21251201.09342362
task_id,734,arriving_time,21273794.369594015
task_id,735,arriving_time,21398413.586434443
task_id,736,arriving_time,21406450.918208618
task_id,737,arriving_time,21409905.929037962
task_id,738,arriving_time,21426372.61389912
task_id,739,arriving_time,21428452.992698576
task_id,740,arriving_time,21429878.70966504
task_id,741,arriving_time,21453192.570600938
task_id,742,arriving_time,21547730.86189896
task_id,743,arriving_time,21666220.85107931
task_id,744,arriving_time,21670373.622336302
task_id,745,arriving_time,21713814.053091355
task_id,746,arriving_time,21720669.025521185
task_id,747,arriving_time,21727209.571928833
task_id,748,arriving_time,21748735.363247506
task_id,749,arriving_time,21749433.37632492
task_id,750,arriving_time,21767433.652177542
task_id,751,arriving_time,21769380.98804372
task_id,752,arriving_time,21868619.646844104
task_id,753,arriving_time,21875179.736576885
task_id,754,arriving_time,21916052.013902906
task_id,755,arriving_time,21950308.390584506
task_id,756,arriving_time,21995938.23782394
task_id,757,arriving_time,22000594.965417635
task_id,758,arriving_time,22046003.442357674
task_id,759,arriving_time,22086707.130758762
task_id,760,arriving_time,22089220.071716864
task_id,761,arriving_time,22091122.58725726
task_id,762,arriving_time,22092880.443489823
task_id,763,arriving_time,22146897.68799129
task_id,764,arriving_time,22147227.6239506
task_id,765,arriving_time,22162102.457328103
task_id,766,arriving_time,22178941.141193032
task_id,767,arriving_time,22187791.313813496
task_id,768,arriving_time,22238000.43180933
task_id,769,arriving_time,22238363.505380347
task_id,770,arriving_time,22245827.6306618
task_id,771,arriving_time,22259001.001358256
task_id,772,arriving_time,22316467.31319231
task_id,773,arriving_time,22320045.974439394
task_id,774,arriving_time,22326455.660745833
task_id,775,arriving_time,22326919.316995047
task_id,776,arriving_time,22378628.02988603
task_id,777,arriving_time,22487013.812689986
task_id,778,arriving_time,22539525.935993697
task_id,779,arriving_time,22583076.474653386
task_id,780,arriving_time,22593541.75840759
task_id,781,arriving_time,22649968.875489425
task_id,782,arriving_time,22669833.69624597
task_id,783,arriving_time,22690133.690577608
task_id,784,arriving_time,22741327.39243711
task_id,785,arriving_time,22769997.791689694
task_id,786,arriving_time,22771363.99202982
task_id,787,arriving_time,22796146.59858427
task_id,788,arriving_time,22812951.108072642
task_id,789,arriving_time,22921484.76681893
task_id,790,arriving_time,22937665.71941484
task_id,791,arriving_time,22976100.26263669
task_id,792,arriving_time,22978660.865593717
task_id,793,arriving_time,22997765.709383987
task_id,794,arriving_time,23001995.174091455
task_id,795,arriving_time,23015649.13561753
task_id,796,arriving_time,23038806.685034987
task_id,797,arriving_time,23056931.42646739
task_id,798,arriving_time,23068355.44187147
task_id,799,arriving_time,23081818.478921454
task_id,800,arriving_time,23086076.789176624
task_id,801,arriving_time,23161107.393819913
task_id,802,arriving_time,23176005.986168686
task_id,803,arriving_time,23257209.96299804
task_id,804,arriving_time,23262834.454770684
task_id,805,arriving_time,23276934.97999383
task_id,806,arriving_time,23374192.504006498
task_id,807,arriving_time,23398937.464741398
task_id,808,arriving_time,23451969.938102476
task_id,809,arriving_time,23602863.959768683
task_id,810,arriving_time,23669407.123774026
task_id,811,arriving_time,23684657.82311661
task_id,812,arriving_time,23721216.069917515
task_id,813,arriving_time,23731350.175036658
task_id,814,arriving_time,23784089.77747598
task_id,815,arriving_time,23795869.65593925
task_id,816,arriving_time,23814983.64399049
task_id,817,arriving_time,23823473.27046569
task_id,818,arriving_time,23826918.793003622
task_id,819,arriving_time,23829085.121299118
task_id,820,arriving_time,23855433.086479943
task_id,821,arriving_time,23875437.428549156
task_id,822,arriving_time,23884456.078725614
task_id,823,arriving_time,23908692.192268338
task_id,824,arriving_time,23913394.873004008
task_id,825,arriving_time,23976750.420156874
task_id,826,arriving_time,23991756.948953178
task_id,827,arriving_time,24066356.42165874
task_id,828,arriving_time,24088795.91923254
task_id,829,arriving_time,24089130.826008614
task_id,830,arriving_time,24091214.129053224
task_id,831,arriving_time,24108436.186024822
task_id,832,arriving_time,24174602.06937047
task_id,833,arriving_time,24187094.426740937
task_id,834,arriving_time,24216932.31531672
task_id,835,arriving_time,24234361.280019477
task_id,836,arriving_time,24268323.895751063
task_id,837,arriving_time,24273628.159606
task_id,838,arriving_time,24336644.539030023
task_id,839,arriving_time,24341692.15025491
task_id,840,arriving_time,24353304.183559977
task_id,841,arriving_time,24406982.14360289
task_id,842,arriving_time,24414885.96071375
task_id,843,arriving_time,24436356.245030694
task_id,844,arriving_time,24482439.018754672
task_id,845,arriving_time,24545417.033312038
task_id,846,arriving_time,24559015.065936014
task_id,847,arriving_time,24576680.380754475
task_id,848,arriving_time,24606017.210786834
task_id,849,arriving_time,24616992.584326323
task_id,850,arriving_time,24627074.02714395
task_id,851,arriving_time,24630817.645810634
task_id,852,arriving_time,24638923.63223995
task_id,853,arriving_time,24704562.06397437
task_id,854,arriving_time,24710525.3793565
task_id,855,arriving_time,24713593.242172785
task_id,856,arriving_time,24718928.33008549
task_id,857,arriving_time,24766766.24148887
task_id,858,arriving_time,24814013.762022436
task_id,859,arriving_time,24854707.882675204
task_id,860,arriving_time,24898074.190769494
task_id,861,arriving_time,24911397.920125708
task_id,862,arriving_time,24916881.208285473
task_id,863,arriving_time,24921314.500949036
task_id,864,arriving_time,24923383.225534208
task_id,865,arriving_time,24926707.66592991
task_id,866,arriving_time,24948152.953493305
task_id,867,arriving_time,24954319.23712767
task_id,868,arriving_time,24954819.17756339
task_id,869,arriving_time,24962796.966071643
task_id,870,arriving_time,24998368.03009089
task_id,871,arriving_time,24999152.949658558
task_id,872,arriving_time,25001568.221379034
task_id,873,arriving_time,25026704.079734866
task_id,874,arriving_time,25082261.155597296
task_id,875,arriving_time,25211038.386164177
task_id,876,arriving_time,25246125.728131082
task_id,877,arriving_time,25264470.72957635
task_id,878,arriving_time,25274601.865966506
task_id,879,arriving_time,25284795.463909112
task_id,880,arriving_time,25309283.64040257
task_id,881,arriving_time,25345866.677968267
task_id,882,arriving_time,25396666.25353763
task_id,883,arriving_time,25404941.021071088
task_id,884,arriving_time,25425022.81262932
task_id,885,arriving_time,25432589.1643065
task_id,886,arriving_time,25452871.688854538
task_id,887,arriving_time,25505567.81134761
task_id,888,arriving_time,25619600.349356327
task_id,889,arriving_time,25630003.567774035
task_id,890,arriving_time,25714767.034422293
task_id,891,arriving_time,25715332.224510517
task_id,892,arriving_time,25735971.72597454
task_id,893,arriving_time,25749047.45414202
task_id,894,arriving_time,25780608.54609589
task_id,895,arriving_time,25784967.545866136
task_id,896,arriving_time,25878290.33325194
task_id,897,arriving_time,25894091.74723349
task_id,898,arriving_time,25905650.57601192
task_id,899,arriving_time,25905928.9860614
task_id,900,arriving_time,25928029.668174542
task_id,901,arriving_time,25944224.683750603
task_id,902,arriving_time,25973816.65842462
task_id,903,arriving_time,25987144.12479326
task_id,904,arriving_time,26003213.16684017
task_id,905,arriving_time,26029342.270725004
task_id,906,arriving_time,26082953.612948038
task_id,907,arriving_time,26108914.734328244
task_id,908,arriving_time,26146666.300688878
task_id,909,arriving_time,26200053.903358378
task_id,910,arriving_time,26248768.109921124
task_id,911,arriving_time,26294728.451459195
task_id,912,arriving_time,26365798.256383926
task_id,913,arriving_time,26421715.79179142
task_id,914,arriving_time,26432656.72288256
task_id,915,arriving_time,26446297.678849045
task_id,916,arriving_time,26449431.499737404
task_id,917,arriving_time,26497990.896623727
task_id,918,arriving_time,26515896.493460674
task_id,919,arriving_time,26540516.161619876
task_id,920,arriving_time,26628163.774652965
task_id,921,arriving_time,26641808.25387133
task_id,922,arriving_time,26722303.179280765
task_id,923,arriving_time,26730374.208553225
task_id,924,arriving_time,26749860.261395443
task_id,925,arriving_time,26779886.80743592
task_id,926,arriving_time,26830010.801242273
task_id,927,arriving_time,26862439.460834526
task_id,928,arriving_time,26912655.320128683
task_id,929,arriving_time,26914633.39623935
task_id,930,arriving_time,26923712.7128124
task_id,931,arriving_time,26932793.927004114
task_id,932,arriving_time,26945874.949906327
task_id,933,arriving_time,26953149.266950224
task_id,934,arriving_time,26970176.076676495
task_id,935,arriving_time,26989425.097526036
task_id,936,arriving_time,27030657.126360077
task_id,937,arriving_time,27057631.693758015
task_id,938,arriving_time,27089401.00802403
task_id,939,arriving_time,27127037.20846484
task_id,940,arriving_time,27133250.054691963
task_id,941,arriving_time,27133379.231666967
task_id,942,arriving_time,27141998.673936002
task_id,943,arriving_time,27165184.047152508
task_id,944,arriving_time,27188807.863233685
task_id,945,arriving_time,27191433.187078267
task_id,946,arriving_time,27214265.068669043
task_id,947,arriving_time,27238047.314228583
task_id,948,arriving_time,27251907.705984242
task_id,949,arriving_time,27290486.658913244
task_id,950,arriving_time,27374018.985278767
task_id,951,arriving_time,27377051.971444227
task_id,952,arriving_time,27381182.646883402
task_id,953,arriving_time,27387125.923274554
task_id,954,arriving_time,27442442.069921087
task_id,955,arriving_time,27447834.461956788
task_id,956,arriving_time,27520257.893568352
task_id,957,arriving_time,27545298.179147426
task_id,958,arriving_time,27570318.74427514
task_id,959,arriving_time,27588361.690534323
task_id,960,arriving_time,27655445.2822343
task_id,961,arriving_time,27694110.094189312
task_id,962,arriving_time,27707088.952563584
task_id,963,arriving_time,27709119.573773477
task_id,964,arriving_time,27715439.200359732
task_id,965,arriving_time,27739541.15707088
task_id,966,arriving_time,27772267.044043355
task_id,967,arriving_time,27790042.31336828
task_id,968,arriving_time,27808286.845319558
task_id,969,arriving_time,27945635.72006831
task_id,970,arriving_time,28007487.69678752
task_id,971,arriving_time,28022921.58192597
task_id,972,arriving_time,28068774.289874416
task_id,973,arriving_time,28111494.522610128
task_id,974,arriving_time,28129339.747645672
task_id,975,arriving_time,28132236.507046223
task_id,976,arriving_time,28164763.919115134
task_id,977,arriving_time,28221126.009430464
task_id,978,arriving_time,28229437.152097628
task_id,979,arriving_time,28266087.670024402
task_id,980,arriving_time,28281136.42722176
task_id,981,arriving_time,28286808.2547933
task_id,982,arriving_time,28292335.6085233
task_id,983,arriving_time,28297408.920286905
task_id,984,arriving_time,28322059.19251565
task_id,985,arriving_time,28337066.72414411
task_id,986,arriving_time,28364257.029315036
task_id,987,arriving_time,28387733.732532676
task_id,988,arriving_time,28390858.11040968
task_id,989,arriving_time,28428679.346881576
task_id,990,arriving_time,28438051.693231236
task_id,991,arriving_time,28456782.02166043
task_id,992,arriving_time,28529473.46603066
task_id,993,arriving_time,28634234.244476613
task_id,994,arriving_time,28637393.534414437
task_id,995,arriving_time,28733701.01217496
task_id,996,arriving_time,28775491.129933413
task_id,997,arriving_time,28833738.473766323
task_id,998,arriving_time,28842586.125879373
task_id,999,arriving_time,28849512.67190672
taskid,0,start_time,38601.89923547813
taskid,1,start_time,62272.38992758363
taskid,2,start_time,110111.15843965687
taskid,3,start_time,117943.20809242957
